  -2.0000000000000000       -2.0000000000000000                         0
  -2.0000000000000000       -1.6000000238418579                         0
  -2.0000000000000000       -1.2000000476837158                         0
  -2.0000000000000000      -0.79999995231628418                         0
  -2.0000000000000000      -0.39999997615814209                         0
  -2.0000000000000000        0.0000000000000000                         0
  -2.0000000000000000       0.40000009536743164                         0
  -2.0000000000000000       0.79999995231628418                         0
  -2.0000000000000000        1.2000000476837158                         0
  -2.0000000000000000        1.5999999046325684                         0
 -0.39999997615814209       -2.0000000000000000                         0
 -0.39999997615814209       -1.6000000238418579                         0
 -0.39999997615814209       -1.2000000476837158                         1
 -0.39999997615814209      -0.79999995231628418                         1
 -0.39999997615814209      -0.39999997615814209                         1
 -0.39999997615814209        0.0000000000000000                         1
 -0.39999997615814209       0.40000009536743164                         1
 -0.39999997615814209       0.79999995231628418                         1
 -0.39999997615814209        1.2000000476837158                         1
 -0.39999997615814209        1.5999999046325684                         0
   0.0000000000000000       -2.0000000000000000                         0
   0.0000000000000000       -1.6000000238418579                         0
   0.0000000000000000       -1.2000000476837158                         1
   0.0000000000000000      -0.79999995231628418                         1
   0.0000000000000000      -0.39999997615814209                         1
   0.0000000000000000        0.0000000000000000                         1
   0.0000000000000000       0.40000009536743164                         1
   0.0000000000000000       0.79999995231628418                         1
   0.0000000000000000        1.2000000476837158                         1
   0.0000000000000000        1.5999999046325684                         0
  0.40000009536743164       -2.0000000000000000                         0
  0.40000009536743164       -1.6000000238418579                         0
  0.40000009536743164       -1.2000000476837158                         0
  0.40000009536743164      -0.79999995231628418                         1
  0.40000009536743164      -0.39999997615814209                         1
  0.40000009536743164        0.0000000000000000                         1
  0.40000009536743164       0.40000009536743164                         1
  0.40000009536743164       0.79999995231628418                         1
  0.40000009536743164        1.2000000476837158                         0
  0.40000009536743164        1.5999999046325684                         0
  0.79999995231628418       -2.0000000000000000                         0
  0.79999995231628418       -1.6000000238418579                         0
  0.79999995231628418       -1.2000000476837158                         0
  0.79999995231628418      -0.79999995231628418                         0
  0.79999995231628418      -0.39999997615814209                         1
  0.79999995231628418        0.0000000000000000                         1
  0.79999995231628418       0.40000009536743164                         1
  0.79999995231628418       0.79999995231628418                         0
  0.79999995231628418        1.2000000476837158                         0
  0.79999995231628418        1.5999999046325684                         0
   1.2000000476837158       -2.0000000000000000                         0
   1.2000000476837158       -1.6000000238418579                         0
   1.2000000476837158       -1.2000000476837158                         0
   1.2000000476837158      -0.79999995231628418                         0
   1.2000000476837158      -0.39999997615814209                         0
   1.2000000476837158        0.0000000000000000                         0
   1.2000000476837158       0.40000009536743164                         0
   1.2000000476837158       0.79999995231628418                         0
   1.2000000476837158        1.2000000476837158                         0
   1.2000000476837158        1.5999999046325684                         0
   1.5999999046325684       -2.0000000000000000                         0
   1.5999999046325684       -1.6000000238418579                         0
   1.5999999046325684       -1.2000000476837158                         0
   1.5999999046325684      -0.79999995231628418                         0
   1.5999999046325684      -0.39999997615814209                         0
   1.5999999046325684        0.0000000000000000                         0
   1.5999999046325684       0.40000009536743164                         0
   1.5999999046325684       0.79999995231628418                         0
   1.5999999046325684        1.2000000476837158                         0
   1.5999999046325684        1.5999999046325684                         0
  -1.6000000238418579       -2.0000000000000000                         0
  -1.6000000238418579       -1.6000000238418579                         0
  -1.6000000238418579       -1.2000000476837158                         0
  -1.6000000238418579      -0.79999995231628418                         1
  -1.6000000238418579      -0.39999997615814209                         1
  -1.6000000238418579        0.0000000000000000                         1
  -1.6000000238418579       0.40000009536743164                         1
  -1.6000000238418579       0.79999995231628418                         1
  -1.6000000238418579        1.2000000476837158                         0
  -1.6000000238418579        1.5999999046325684                         0
  -1.2000000476837158       -2.0000000000000000                         0
  -1.2000000476837158       -1.6000000238418579                         0
  -1.2000000476837158       -1.2000000476837158                         0
  -1.2000000476837158      -0.79999995231628418                         1
  -1.2000000476837158      -0.39999997615814209                         1
  -1.2000000476837158        0.0000000000000000                         1
  -1.2000000476837158       0.40000009536743164                         1
  -1.2000000476837158       0.79999995231628418                         1
  -1.2000000476837158        1.2000000476837158                         0
  -1.2000000476837158        1.5999999046325684                         0
 -0.79999995231628418       -2.0000000000000000                         0
 -0.79999995231628418       -1.6000000238418579                         0
 -0.79999995231628418       -1.2000000476837158                         1
 -0.79999995231628418      -0.79999995231628418                         1
 -0.79999995231628418      -0.39999997615814209                         1
 -0.79999995231628418        0.0000000000000000                         1
 -0.79999995231628418       0.40000009536743164                         1
 -0.79999995231628418       0.79999995231628418                         1
 -0.79999995231628418        1.2000000476837158                         1
 -0.79999995231628418        1.5999999046325684                         0
